<?xml version="1.0" encoding="UTF-8"?>
<!-- Generated by org.testng.reporters.JUnitXMLReporter -->
<testsuite hostname="DS-7071BC8FD8F3" name="Drawer Countdown  - US 84(failed)(failed)(failed)" tests="1" failures="1" timestamp="7 Apr 2016 08:26:21 GMT" time="62.442" errors="0">
  <testcase name="sortTaxExemptSalesDetailsByFieldDisplayedOnTaxExemptSalesPage" time="20.382" classname="com.mcdebos.ecash.othercashfunctions.groupsales.TestTaxExemptSales">
    <failure type="java.lang.AssertionError" message="Register ID&amp;apos;s are not Sorted in Asending Order expected [true] but found [false]">
      <![CDATA[java.lang.AssertionError: Register ID's are not Sorted in Asending Order expected [true] but found [false]
	at com.mcdebos.ecash.othercashfunctions.groupsales.TestTaxExemptSales.sortTaxExemptSalesDetailsByFieldDisplayedOnTaxExemptSalesPage(TestTaxExemptSales.java:907)
... Removed 27 stack frames]]>
    </failure>
  </testcase> <!-- sortTaxExemptSalesDetailsByFieldDisplayedOnTaxExemptSalesPage -->
</testsuite> <!-- Drawer Countdown  - US 84(failed)(failed)(failed) -->
